<?xml version="1.0" encoding="UTF-8"?>
<!-- Generated by org.testng.reporters.JUnitXMLReporter -->
<testsuite ignored="0" hostname="DESKTOP-UQLK5NR" failures="1" tests="7" name="TestAirIndia" time="45.102" errors="0" timestamp="2023-09-26T12:35:08 IST">
  <testcase classname="testPack.Passengers_Textbox" name="@BeforeClass Open_the_Browser" time="0.001">
    <failure type="java.lang.AssertionError" message="null">
      <![CDATA[java.lang.AssertionError: null
at testPack.Passengers_Textbox.Open_the_Browser(Passengers_Textbox.java:23)
at java.base/java.util.ArrayList.forEach(ArrayList.java:1511)
... Removed 25 stack frames]]>
    </failure>
  </testcase> <!-- @BeforeClass Open_the_Browser -->
  <testcase classname="testPack.Passengers_Textbox" name="@BeforeMethod ClickOnPassengerTextbox" time="0.0">
    <skipped/>
  </testcase> <!-- @BeforeMethod ClickOnPassengerTextbox -->
  <testcase classname="testPack.Passengers_Textbox" name="@AfterMethod ClickAgainOnPassengerTextbox" time="0.0">
    <skipped/>
  </testcase> <!-- @AfterMethod ClickAgainOnPassengerTextbox -->
  <testcase classname="testPack.Passengers_Textbox" name="@BeforeMethod ClickOnPassengerTextbox" time="0.0">
    <skipped/>
  </testcase> <!-- @BeforeMethod ClickOnPassengerTextbox -->
  <testcase classname="testPack.Passengers_Textbox" name="@AfterMethod ClickAgainOnPassengerTextbox" time="0.0">
    <skipped/>
  </testcase> <!-- @AfterMethod ClickAgainOnPassengerTextbox -->
  <testcase classname="testPack.Passengers_Textbox" name="@BeforeMethod ClickOnPassengerTextbox" time="0.0">
    <skipped/>
  </testcase> <!-- @BeforeMethod ClickOnPassengerTextbox -->
  <testcase classname="testPack.Passengers_Textbox" name="@AfterMethod ClickAgainOnPassengerTextbox" time="0.0">
    <skipped/>
  </testcase> <!-- @AfterMethod ClickAgainOnPassengerTextbox -->
  <testcase classname="testPack.Passengers_Textbox" name="@AfterClass Close_The_Browser" time="0.0">
    <skipped/>
  </testcase> <!-- @AfterClass Close_The_Browser -->
  <testcase classname="testPack.From_and_To_Textbox" name="Verify_From_Side_Textbox" time="4.198"/>
  <testcase classname="testPack.From_and_To_Textbox" name="Verify_TO_Textbox_Side" time="0.511">
    <failure type="java.lang.AssertionError" message="null">
      <![CDATA[java.lang.AssertionError: null
at testPack.From_and_To_Textbox.Verify_TO_Textbox_Side(From_and_To_Textbox.java:43)
at java.base/java.util.ArrayList.forEach(ArrayList.java:1511)
... Removed 27 stack frames]]>
    </failure>
  </testcase> <!-- Verify_TO_Textbox_Side -->
  <testcase classname="testPack.Passengers_Textbox" name="Verify_Adult_Increase_Decrease_button" time="0.0">
    <skipped/>
  </testcase> <!-- Verify_Adult_Increase_Decrease_button -->
  <testcase classname="testPack.Passengers_Textbox" name="Verify_Children_Increase_Decrease_Button" time="0.0">
    <skipped/>
  </testcase> <!-- Verify_Children_Increase_Decrease_Button -->
  <testcase classname="testPack.Passengers_Textbox" name="Verify_Infant_Icrease_Decrease_Button" time="0.0">
    <skipped/>
  </testcase> <!-- Verify_Infant_Icrease_Decrease_Button -->
  <testcase classname="testPack.Calender_Textbox" name="Verify_Depart_Calender_Side" time="4.726"/>
  <testcase classname="testPack.Calender_Textbox" name="Verify_Return_Calender_Side" time="4.726"/>
</testsuite> <!-- TestAirIndia -->
