<?xml version="1.0" encoding="UTF-8"?>
<!-- Generated by org.testng.reporters.JUnitXMLReporter -->
<testsuite ignored="0" hostname="DESKTOP-UQLK5NR" failures="0" tests="7" name="TestAirIndia in Chrome" time="97.065" errors="0" timestamp="2023-10-14T13:31:08 IST">
  <testcase classname="testPack.Calender_Textbox" name="Verify_Depart_Calender_Side" time="5.259"/>
  <testcase classname="testPack.Calender_Textbox" name="Verify_Return_Calender_Side" time="5.25"/>
  <testcase classname="testPack.From_and_To_Textbox" name="Verify_From_Side_Textbox" time="4.699"/>
  <testcase classname="testPack.From_and_To_Textbox" name="Verify_TO_Textbox_Side" time="4.097"/>
  <testcase classname="testPack.Passengers_Textbox" name="Verify_Adult_Increase_Decrease_button" time="13.701"/>
  <testcase classname="testPack.Passengers_Textbox" name="Verify_Children_Increase_Decrease_Button" time="9.103"/>
  <testcase classname="testPack.Passengers_Textbox" name="Verify_Infant_Icrease_Decrease_Button" time="9.17"/>
</testsuite> <!-- TestAirIndia in Chrome -->
