<?xml version="1.0" encoding="UTF-8"?>
<!-- Generated by org.testng.reporters.JUnitXMLReporter -->
<testsuite ignored="0" hostname="DESKTOP-UQLK5NR" failures="0" tests="7" name="TestAirIndia in Firefox" time="1.265" errors="0" timestamp="2023-10-14T13:31:10 IST">
  <testcase classname="testPack.From_and_To_Textbox" name="Verify_From_Side_Textbox" time="0.0">
    <skipped/>
  </testcase> <!-- Verify_From_Side_Textbox -->
  <testcase classname="testPack.From_and_To_Textbox" name="Verify_TO_Textbox_Side" time="0.0">
    <skipped/>
  </testcase> <!-- Verify_TO_Textbox_Side -->
  <testcase classname="testPack.Passengers_Textbox" name="Verify_Adult_Increase_Decrease_button" time="0.0">
    <skipped/>
  </testcase> <!-- Verify_Adult_Increase_Decrease_button -->
  <testcase classname="testPack.Passengers_Textbox" name="Verify_Children_Increase_Decrease_Button" time="0.0">
    <skipped/>
  </testcase> <!-- Verify_Children_Increase_Decrease_Button -->
  <testcase classname="testPack.Passengers_Textbox" name="Verify_Infant_Icrease_Decrease_Button" time="0.0">
    <skipped/>
  </testcase> <!-- Verify_Infant_Icrease_Decrease_Button -->
  <testcase classname="testPack.Calender_Textbox" name="Verify_Depart_Calender_Side" time="0.0">
    <skipped/>
  </testcase> <!-- Verify_Depart_Calender_Side -->
  <testcase classname="testPack.Calender_Textbox" name="Verify_Return_Calender_Side" time="0.0">
    <skipped/>
  </testcase> <!-- Verify_Return_Calender_Side -->
</testsuite> <!-- TestAirIndia in Firefox -->
